<?xml version="1.0" encoding="UTF-8"?>
<!-- Generated by org.testng.reporters.JUnitXMLReporter -->
<testsuite ignored="4" hostname="DESKTOP-PKQBL6K" failures="0" tests="2" name="Test" time="11.77" errors="0" timestamp="2025-02-20T00:22:13 IST">
  <testcase classname="testing.TestCases" name="loginpage" time="2.106"/>
  <testcase classname="testing.Testinguser" name="loginpage" time="1.945"/>
  <testcase classname="testing.TestCases" name="processingpayment" time="0.0">
    <ignored/>
  </testcase> <!-- processingpayment -->
  <testcase classname="testing.TestCases" name="productaddtocart" time="0.0">
    <ignored/>
  </testcase> <!-- productaddtocart -->
  <testcase classname="testing.TestCases" name="overallcalculation" time="0.0">
    <ignored/>
  </testcase> <!-- overallcalculation -->
  <testcase classname="testing.TestCases" name="productpage" time="0.0">
    <ignored/>
  </testcase> <!-- productpage -->
</testsuite> <!-- Test -->
