-------------------------------------------------------------------------------
Test set: TestSuite
-------------------------------------------------------------------------------
Tests run: 1, Failures: 1, Errors: 0, Skipped: 0, Time elapsed: 0.916 s <<< FAILURE! - in TestSuite
loginpage(testing.TestCases)  Time elapsed: 0.02 s  <<< FAILURE!
java.lang.NullPointerException: Cannot invoke "org.openqa.selenium.WebDriver.findElement(org.openqa.selenium.By)" because "pages.LoginPage.driver" is null
	at testing.TestCases.loginpage(TestCases.java:36)

