<?xml version="1.0" encoding="UTF-8"?>
<!-- Generated by org.testng.reporters.JUnitXMLReporter -->
<testsuite ignored="0" hostname="DESKTOP-PKQBL6K" failures="1" tests="1" name="Browsing" time="1.624" errors="0" timestamp="2025-02-25T01:18:43 IST">
  <testcase classname="testing.Browser" name="internetBrowser" time="1.395">
    <failure type="java.lang.ArithmeticException" message="/ by zero">
      <![CDATA[java.lang.ArithmeticException: / by zero
at testing.Browser.internetBrowser(Browser.java:19)
at java.base/java.util.ArrayList.forEach(ArrayList.java:1511)
... Removed 27 stack frames]]>
    </failure>
  </testcase> <!-- internetBrowser -->
</testsuite> <!-- Browsing -->
