<?xml version="1.0" encoding="UTF-8"?>
<!-- Generated by org.testng.reporters.JUnitXMLReporter -->
<testsuite ignored="0" hostname="DESKTOP-PKQBL6K" failures="1" tests="1" name="Smoketest" time="0.085" errors="0" timestamp="2025-03-14T01:03:42 IST">
  <testcase classname="testing.TestCases" name="loginpage" time="0.016">
    <failure type="java.lang.NullPointerException" message="Cannot invoke &amp;quot;org.openqa.selenium.WebDriver.findElement(org.openqa.selenium.By)&amp;quot; because &amp;quot;pages.LoginPage.driver&amp;quot; is null">
      <![CDATA[java.lang.NullPointerException: Cannot invoke "org.openqa.selenium.WebDriver.findElement(org.openqa.selenium.By)" because "pages.LoginPage.driver" is null
at pages.LoginPage.<init>(LoginPage.java:16)
at testing.TestCases.loginpage(TestCases.java:36)
at java.base/java.util.ArrayList.forEach(ArrayList.java:1511)
... Removed 31 stack frames]]>
    </failure>
  </testcase> <!-- loginpage -->
</testsuite> <!-- Smoketest -->
